c:\users\albin\onedrive\escritorio\todo\las malas lenguas\c++\nuevacinemas_ii\x64\debug\vc143.pdb
c:\users\albin\onedrive\escritorio\todo\las malas lenguas\c++\nuevacinemas_ii\x64\debug\vc143.idb
c:\users\albin\onedrive\escritorio\todo\las malas lenguas\c++\nuevacinemas_ii\x64\debug\seat.obj
c:\users\albin\onedrive\escritorio\todo\las malas lenguas\c++\nuevacinemas_ii\x64\debug\schedule.obj
c:\users\albin\onedrive\escritorio\todo\las malas lenguas\c++\nuevacinemas_ii\x64\debug\sale.obj
c:\users\albin\onedrive\escritorio\todo\las malas lenguas\c++\nuevacinemas_ii\x64\debug\room.obj
c:\users\albin\onedrive\escritorio\todo\las malas lenguas\c++\nuevacinemas_ii\x64\debug\nuevacinemas_ii.obj
c:\users\albin\onedrive\escritorio\todo\las malas lenguas\c++\nuevacinemas_ii\x64\debug\movie.obj
c:\users\albin\onedrive\escritorio\todo\las malas lenguas\c++\nuevacinemas_ii\x64\debug\cinema.obj
c:\users\albin\onedrive\escritorio\todo\las malas lenguas\c++\nuevacinemas_ii\x64\debug\booking.obj
c:\users\albin\onedrive\escritorio\todo\las malas lenguas\c++\nuevacinemas_ii\x64\debug\nuevacinemas_ii.pdb
c:\users\albin\onedrive\escritorio\todo\las malas lenguas\c++\nuevacinemas_ii\x64\debug\nuevacinemas_ii.tlog\cl.command.1.tlog
c:\users\albin\onedrive\escritorio\todo\las malas lenguas\c++\nuevacinemas_ii\x64\debug\nuevacinemas_ii.tlog\cl.read.1.tlog
c:\users\albin\onedrive\escritorio\todo\las malas lenguas\c++\nuevacinemas_ii\x64\debug\nuevacinemas_ii.tlog\cl.write.1.tlog
c:\users\albin\onedrive\escritorio\todo\las malas lenguas\c++\nuevacinemas_ii\x64\debug\nuevacinemas_ii.tlog\link-cvtres.read.1.tlog
c:\users\albin\onedrive\escritorio\todo\las malas lenguas\c++\nuevacinemas_ii\x64\debug\nuevacinemas_ii.tlog\link-cvtres.write.1.tlog
c:\users\albin\onedrive\escritorio\todo\las malas lenguas\c++\nuevacinemas_ii\x64\debug\nuevacinemas_ii.tlog\link-rc.read.1.tlog
c:\users\albin\onedrive\escritorio\todo\las malas lenguas\c++\nuevacinemas_ii\x64\debug\nuevacinemas_ii.tlog\link-rc.write.1.tlog
c:\users\albin\onedrive\escritorio\todo\las malas lenguas\c++\nuevacinemas_ii\x64\debug\nuevacinemas_ii.tlog\link.command.1.tlog
c:\users\albin\onedrive\escritorio\todo\las malas lenguas\c++\nuevacinemas_ii\x64\debug\nuevacinemas_ii.tlog\link.read.1.tlog
c:\users\albin\onedrive\escritorio\todo\las malas lenguas\c++\nuevacinemas_ii\x64\debug\nuevacinemas_ii.tlog\link.read.2.tlog
c:\users\albin\onedrive\escritorio\todo\las malas lenguas\c++\nuevacinemas_ii\x64\debug\nuevacinemas_ii.tlog\link.write.1.tlog
